TN:
SF:/Users/rafaelrozon/src/frontend-assets-manager/src/config.js
FN:21,(anonymous_0)
FN:26,(anonymous_1)
FN:30,(anonymous_2)
FN:34,(anonymous_3)
FN:38,(anonymous_4)
FN:42,(anonymous_5)
FN:50,(anonymous_6)
FN:54,(anonymous_7)
FN:59,(anonymous_8)
FN:63,(anonymous_9)
FN:67,(anonymous_10)
FN:80,(anonymous_11)
FN:84,(anonymous_12)
FN:89,(anonymous_13)
FN:93,(anonymous_14)
FN:97,(anonymous_15)
FN:106,(anonymous_16)
FN:112,(anonymous_17)
FN:134,(anonymous_18)
FN:141,(anonymous_19)
FN:145,(anonymous_20)
FN:164,(anonymous_21)
FN:181,(anonymous_22)
FNF:23
FNH:23
FNDA:26,(anonymous_0)
FNDA:17,(anonymous_1)
FNDA:5,(anonymous_2)
FNDA:1,(anonymous_3)
FNDA:1,(anonymous_4)
FNDA:15,(anonymous_5)
FNDA:1,(anonymous_6)
FNDA:11,(anonymous_7)
FNDA:1,(anonymous_8)
FNDA:1,(anonymous_9)
FNDA:2,(anonymous_10)
FNDA:4,(anonymous_11)
FNDA:7,(anonymous_12)
FNDA:1,(anonymous_13)
FNDA:1,(anonymous_14)
FNDA:3,(anonymous_15)
FNDA:4,(anonymous_16)
FNDA:3,(anonymous_17)
FNDA:1,(anonymous_18)
FNDA:1,(anonymous_19)
FNDA:9,(anonymous_20)
FNDA:3,(anonymous_21)
FNDA:2,(anonymous_22)
DA:1,1
DA:2,1
DA:3,1
DA:5,1
DA:22,26
DA:23,26
DA:27,17
DA:31,5
DA:35,1
DA:39,1
DA:43,15
DA:51,1
DA:55,11
DA:56,11
DA:60,1
DA:64,1
DA:68,2
DA:69,1
DA:70,1
DA:71,1
DA:82,4
DA:83,4
DA:84,7
DA:86,4
DA:90,1
DA:94,1
DA:98,3
DA:107,4
DA:108,4
DA:109,4
DA:114,3
DA:117,3
DA:119,2
DA:122,2
DA:123,1
DA:127,2
DA:131,3
DA:135,1
DA:142,1
DA:147,9
DA:149,9
DA:150,1
DA:153,9
DA:154,1
DA:157,9
DA:158,2
DA:161,9
DA:165,3
DA:182,2
DA:188,1
LF:50
LH:50
BRDA:68,0,0,1
BRDA:68,0,1,1
BRDA:70,1,0,1
BRDA:70,1,1,0
BRDA:109,2,0,2
BRDA:109,2,1,2
BRDA:109,3,0,4
BRDA:109,3,1,2
BRDA:117,4,0,2
BRDA:117,4,1,1
BRDA:117,5,0,3
BRDA:117,5,1,1
BRDA:122,6,0,1
BRDA:122,6,1,1
BRDA:122,7,0,2
BRDA:122,7,1,2
BRDA:149,8,0,1
BRDA:149,8,1,8
BRDA:153,9,0,1
BRDA:153,9,1,8
BRDA:157,10,0,2
BRDA:157,10,1,7
BRF:22
BRH:21
end_of_record
TN:
SF:/Users/rafaelrozon/src/frontend-assets-manager/src/constants.js
FNF:0
FNH:0
DA:1,1
DA:2,1
DA:3,1
DA:4,1
DA:5,1
DA:6,1
DA:23,1
DA:39,1
LF:8
LH:8
BRF:0
BRH:0
end_of_record
TN:
SF:/Users/rafaelrozon/src/frontend-assets-manager/src/utils.js
FN:8,(anonymous_0)
FN:12,(anonymous_1)
FN:24,(anonymous_2)
FN:29,(anonymous_3)
FN:34,(anonymous_4)
FN:59,(anonymous_5)
FN:75,(anonymous_6)
FN:77,(anonymous_7)
FN:79,(anonymous_8)
FN:81,(anonymous_9)
FN:84,(anonymous_10)
FN:86,(anonymous_11)
FN:101,(anonymous_12)
FN:106,(anonymous_13)
FN:113,(anonymous_14)
FNF:15
FNH:15
FNDA:9,(anonymous_0)
FNDA:3,(anonymous_1)
FNDA:6,(anonymous_2)
FNDA:6,(anonymous_3)
FNDA:2,(anonymous_4)
FNDA:3,(anonymous_5)
FNDA:5,(anonymous_6)
FNDA:3,(anonymous_7)
FNDA:3,(anonymous_8)
FNDA:3,(anonymous_9)
FNDA:2,(anonymous_10)
FNDA:1,(anonymous_11)
FNDA:2,(anonymous_12)
FNDA:4,(anonymous_13)
FNDA:5,(anonymous_14)
DA:1,1
DA:2,1
DA:3,1
DA:4,1
DA:5,1
DA:6,1
DA:8,1
DA:9,9
DA:12,1
DA:13,3
DA:24,1
DA:25,6
DA:26,6
DA:29,1
DA:30,6
DA:31,6
DA:34,1
DA:36,2
DA:38,1
DA:40,1
DA:44,1
DA:46,1
DA:48,1
DA:50,1
DA:59,1
DA:60,3
DA:61,2
DA:75,5
DA:77,3
DA:79,3
DA:81,3
DA:84,2
DA:86,1
DA:88,1
DA:89,1
DA:91,1
DA:101,1
DA:103,2
DA:104,2
DA:106,2
DA:107,4
DA:110,2
DA:113,1
DA:115,5
DA:116,5
DA:118,5
DA:119,3
DA:120,2
DA:121,1
DA:126,1
LF:50
LH:50
BRDA:9,0,0,9
BRDA:9,0,1,4
BRDA:26,1,0,6
BRDA:26,1,1,2
BRDA:34,2,0,0
BRDA:36,3,0,1
BRDA:36,3,1,1
BRDA:60,4,0,2
BRDA:60,4,1,1
BRDA:60,5,0,3
BRDA:60,5,1,2
BRDA:104,6,0,1
BRDA:104,6,1,1
BRDA:118,7,0,3
BRDA:118,7,1,2
BRDA:120,8,0,1
BRDA:120,8,1,1
BRF:17
BRH:16
end_of_record
